{"/home/languid/docker-testapp/server.js": {"path":"/home/languid/docker-testapp/server.js","statementMap":{"0":{"start":{"line":1,"column":16},"end":{"line":1,"column":34}},"1":{"start":{"line":2,"column":12},"end":{"line":2,"column":21}},"2":{"start":{"line":3,"column":20},"end":{"line":3,"column":50}},"3":{"start":{"line":5,"column":13},"end":{"line":5,"column":37}},"4":{"start":{"line":6,"column":18},"end":{"line":6,"column":74}},"5":{"start":{"line":8,"column":0},"end":{"line":8,"column":48}},"6":{"start":{"line":9,"column":0},"end":{"line":9,"column":24}},"7":{"start":{"line":10,"column":0},"end":{"line":10,"column":34}},"8":{"start":{"line":12,"column":15},"end":{"line":12,"column":41}},"9":{"start":{"line":17,"column":0},"end":{"line":19,"column":3}},"10":{"start":{"line":18,"column":4},"end":{"line":18,"column":70}},"11":{"start":{"line":22,"column":0},"end":{"line":26,"column":3}},"12":{"start":{"line":23,"column":4},"end":{"line":23,"column":102}},"13":{"start":{"line":23,"column":13},"end":{"line":23,"column":102}},"14":{"start":{"line":24,"column":17},"end":{"line":24,"column":64}},"15":{"start":{"line":25,"column":4},"end":{"line":25,"column":19}},"16":{"start":{"line":29,"column":0},"end":{"line":39,"column":3}},"17":{"start":{"line":30,"column":4},"end":{"line":30,"column":102}},"18":{"start":{"line":30,"column":13},"end":{"line":30,"column":102}},"19":{"start":{"line":31,"column":20},"end":{"line":31,"column":28}},"20":{"start":{"line":32,"column":4},"end":{"line":34,"column":5}},"21":{"start":{"line":33,"column":8},"end":{"line":33,"column":73}},"22":{"start":{"line":35,"column":4},"end":{"line":35,"column":25}},"23":{"start":{"line":36,"column":4},"end":{"line":36,"column":52}},"24":{"start":{"line":37,"column":4},"end":{"line":37,"column":39}},"25":{"start":{"line":38,"column":4},"end":{"line":38,"column":53}},"26":{"start":{"line":42,"column":0},"end":{"line":45,"column":1}},"27":{"start":{"line":43,"column":4},"end":{"line":43,"column":74}},"28":{"start":{"line":43,"column":27},"end":{"line":43,"column":72}},"29":{"start":{"line":44,"column":4},"end":{"line":44,"column":16}},"30":{"start":{"line":47,"column":0},"end":{"line":47,"column":63}},"31":{"start":{"line":47,"column":51},"end":{"line":47,"column":58}},"32":{"start":{"line":52,"column":4},"end":{"line":68,"column":5}},"33":{"start":{"line":52,"column":23},"end":{"line":52,"column":24}},"34":{"start":{"line":53,"column":8},"end":{"line":67,"column":9}},"35":{"start":{"line":54,"column":12},"end":{"line":54,"column":35}},"36":{"start":{"line":55,"column":12},"end":{"line":55,"column":61}},"37":{"start":{"line":56,"column":12},"end":{"line":56,"column":41}},"38":{"start":{"line":57,"column":12},"end":{"line":57,"column":19}},"39":{"start":{"line":59,"column":12},"end":{"line":59,"column":90}},"40":{"start":{"line":60,"column":12},"end":{"line":66,"column":13}},"41":{"start":{"line":61,"column":16},"end":{"line":61,"column":56}},"42":{"start":{"line":62,"column":16},"end":{"line":62,"column":64}},"43":{"start":{"line":62,"column":41},"end":{"line":62,"column":62}},"44":{"start":{"line":64,"column":16},"end":{"line":64,"column":90}},"45":{"start":{"line":65,"column":16},"end":{"line":65,"column":32}},"46":{"start":{"line":71,"column":0},"end":{"line":71,"column":12}}},"fnMap":{"0":{"name":"(anonymous_0)","decl":{"start":{"line":17,"column":19},"end":{"line":17,"column":20}},"loc":{"start":{"line":17,"column":33},"end":{"line":19,"column":1}},"line":17},"1":{"name":"(anonymous_1)","decl":{"start":{"line":22,"column":21},"end":{"line":22,"column":22}},"loc":{"start":{"line":22,"column":41},"end":{"line":26,"column":1}},"line":22},"2":{"name":"(anonymous_2)","decl":{"start":{"line":29,"column":21},"end":{"line":29,"column":22}},"loc":{"start":{"line":29,"column":41},"end":{"line":39,"column":1}},"line":29},"3":{"name":"(anonymous_3)","decl":{"start":{"line":43,"column":21},"end":{"line":43,"column":22}},"loc":{"start":{"line":43,"column":27},"end":{"line":43,"column":72}},"line":43},"4":{"name":"(anonymous_4)","decl":{"start":{"line":47,"column":42},"end":{"line":47,"column":43}},"loc":{"start":{"line":47,"column":49},"end":{"line":47,"column":60}},"line":47},"5":{"name":"connectDB","decl":{"start":{"line":51,"column":15},"end":{"line":51,"column":24}},"loc":{"start":{"line":51,"column":27},"end":{"line":69,"column":1}},"line":51},"6":{"name":"(anonymous_6)","decl":{"start":{"line":62,"column":34},"end":{"line":62,"column":35}},"loc":{"start":{"line":62,"column":41},"end":{"line":62,"column":62}},"line":62}},"branchMap":{"0":{"loc":{"start":{"line":5,"column":13},"end":{"line":5,"column":37}},"type":"binary-expr","locations":[{"start":{"line":5,"column":13},"end":{"line":5,"column":29}},{"start":{"line":5,"column":33},"end":{"line":5,"column":37}}],"line":5},"1":{"loc":{"start":{"line":6,"column":18},"end":{"line":6,"column":74}},"type":"binary-expr","locations":[{"start":{"line":6,"column":18},"end":{"line":6,"column":39}},{"start":{"line":6,"column":43},"end":{"line":6,"column":74}}],"line":6},"2":{"loc":{"start":{"line":18,"column":33},"end":{"line":18,"column":66}},"type":"cond-expr","locations":[{"start":{"line":18,"column":38},"end":{"line":18,"column":49}},{"start":{"line":18,"column":52},"end":{"line":18,"column":66}}],"line":18},"3":{"loc":{"start":{"line":23,"column":4},"end":{"line":23,"column":102}},"type":"if","locations":[{"start":{"line":23,"column":4},"end":{"line":23,"column":102}},{"start":{},"end":{}}],"line":23},"4":{"loc":{"start":{"line":30,"column":4},"end":{"line":30,"column":102}},"type":"if","locations":[{"start":{"line":30,"column":4},"end":{"line":30,"column":102}},{"start":{},"end":{}}],"line":30},"5":{"loc":{"start":{"line":32,"column":4},"end":{"line":34,"column":5}},"type":"if","locations":[{"start":{"line":32,"column":4},"end":{"line":34,"column":5}},{"start":{},"end":{}}],"line":32},"6":{"loc":{"start":{"line":32,"column":8},"end":{"line":32,"column":53}},"type":"binary-expr","locations":[{"start":{"line":32,"column":8},"end":{"line":32,"column":16}},{"start":{"line":32,"column":20},"end":{"line":32,"column":53}}],"line":32},"7":{"loc":{"start":{"line":42,"column":0},"end":{"line":45,"column":1}},"type":"if","locations":[{"start":{"line":42,"column":0},"end":{"line":45,"column":1}},{"start":{},"end":{}}],"line":42},"8":{"loc":{"start":{"line":60,"column":12},"end":{"line":66,"column":13}},"type":"if","locations":[{"start":{"line":60,"column":12},"end":{"line":66,"column":13}},{"start":{"line":63,"column":19},"end":{"line":66,"column":13}}],"line":60}},"s":{"0":1,"1":1,"2":1,"3":1,"4":1,"5":1,"6":1,"7":1,"8":1,"9":1,"10":2,"11":1,"12":3,"13":1,"14":2,"15":2,"16":1,"17":3,"18":1,"19":2,"20":2,"21":1,"22":1,"23":1,"24":1,"25":1,"26":1,"27":0,"28":0,"29":0,"30":1,"31":14,"32":1,"33":1,"34":1,"35":1,"36":0,"37":0,"38":0,"39":0,"40":0,"41":0,"42":0,"43":0,"44":0,"45":0,"46":1},"f":{"0":2,"1":3,"2":3,"3":0,"4":14,"5":1,"6":0},"b":{"0":[1,1],"1":[1,1],"2":[1,1],"3":[1,2],"4":[1,2],"5":[1,1],"6":[2,2],"7":[0,1],"8":[0,0]},"_coverageSchema":"1a1c01bbd47fc00a2c39e90264f33305004495a9","hash":"1222345c56565802c82ea987c0655a14dd8bdd45"}
}
