TN:
SF:server.js
FN:17,(anonymous_0)
FN:22,(anonymous_1)
FN:29,(anonymous_2)
FN:43,(anonymous_3)
FN:47,(anonymous_4)
FN:51,connectDB
FN:62,(anonymous_6)
FNF:7
FNH:5
FNDA:2,(anonymous_0)
FNDA:3,(anonymous_1)
FNDA:3,(anonymous_2)
FNDA:0,(anonymous_3)
FNDA:14,(anonymous_4)
FNDA:1,connectDB
FNDA:0,(anonymous_6)
DA:1,1
DA:2,1
DA:3,1
DA:5,1
DA:6,1
DA:8,1
DA:9,1
DA:10,1
DA:12,1
DA:17,1
DA:18,2
DA:22,1
DA:23,3
DA:24,2
DA:25,2
DA:29,1
DA:30,3
DA:31,2
DA:32,2
DA:33,1
DA:35,1
DA:36,1
DA:37,1
DA:38,1
DA:42,1
DA:43,0
DA:44,0
DA:47,14
DA:52,1
DA:53,1
DA:54,1
DA:55,0
DA:56,0
DA:57,0
DA:59,0
DA:60,0
DA:61,0
DA:62,0
DA:64,0
DA:65,0
DA:71,1
LF:41
LH:30
BRDA:5,0,0,1
BRDA:5,0,1,1
BRDA:6,1,0,1
BRDA:6,1,1,1
BRDA:18,2,0,1
BRDA:18,2,1,1
BRDA:23,3,0,1
BRDA:23,3,1,2
BRDA:30,4,0,1
BRDA:30,4,1,2
BRDA:32,5,0,1
BRDA:32,5,1,1
BRDA:32,6,0,2
BRDA:32,6,1,2
BRDA:42,7,0,0
BRDA:42,7,1,1
BRDA:60,8,0,0
BRDA:60,8,1,0
BRF:18
BRH:15
end_of_record
